gplaycli -c /home/android/android/apk_crawler/gplaycli/gplaycli.conf -f ../../apk_sample/fuck_normal_app -d "com.dreamstep.wappsxall" --progress
Traceback (most recent call last):
  File "./gets_apk.py", line 27, in <module>
    main()
  File "./gets_apk.py", line 21, in main
    result = execute_cmd(cmd)
  File "./gets_apk.py", line 8, in execute_cmd
    return p.stdout.read()
KeyboardInterrupt
/usr/local/lib/python3.5/dist-packages/gpapi/googleplay.py:264: RuntimeWarning: Unexpected end-group tag: Not all data was converted
  message = googleplay_pb2.ResponseWrapper.FromString(response.content)
Traceback (most recent call last):
  File "/usr/local/lib/python3.5/dist-packages/gplaycli/gplaycli.py", line 204, in connect_to_googleplay_api
    gsfId=gsfId)
  File "/usr/local/lib/python3.5/dist-packages/gpapi/googleplay.py", line 193, in login
    self.search('firefox', 1, None)
  File "/usr/local/lib/python3.5/dist-packages/gpapi/googleplay.py", line 302, in search
    raise LoginError('Unexpected behaviour, probably expired '
gpapi.googleplay.LoginError: 'Unexpected behaviour, probably expired token'

During handling of the above exception, another exception occurred:

Traceback (most recent call last):
  File "/usr/local/lib/python3.5/dist-packages/urllib3/connectionpool.py", line 380, in _make_request
    httplib_response = conn.getresponse(buffering=True)
TypeError: getresponse() got an unexpected keyword argument 'buffering'

During handling of the above exception, another exception occurred:

Traceback (most recent call last):
  File "/usr/local/bin/gplaycli", line 11, in <module>
    sys.exit(main())
  File "/usr/local/lib/python3.5/dist-packages/gplaycli/gplaycli.py", line 517, in main
    success, error = cli.connect_to_googleplay_api()
  File "/usr/local/lib/python3.5/dist-packages/gplaycli/gplaycli.py", line 207, in connect_to_googleplay_api
    self.retrieve_token(force_new=True)
  File "/usr/local/lib/python3.5/dist-packages/gplaycli/gplaycli.py", line 160, in retrieve_token
    r = requests.get(self.token_url)
  File "/usr/local/lib/python3.5/dist-packages/requests/api.py", line 72, in get
    return request('get', url, params=params, **kwargs)
  File "/usr/local/lib/python3.5/dist-packages/requests/api.py", line 58, in request
    return session.request(method=method, url=url, **kwargs)
  File "/usr/local/lib/python3.5/dist-packages/requests/sessions.py", line 508, in request
    resp = self.send(prep, **send_kwargs)
  File "/usr/local/lib/python3.5/dist-packages/requests/sessions.py", line 618, in send
    r = adapter.send(request, **kwargs)
  File "/usr/local/lib/python3.5/dist-packages/requests/adapters.py", line 440, in send
    timeout=timeout
  File "/usr/local/lib/python3.5/dist-packages/urllib3/connectionpool.py", line 601, in urlopen
    chunked=chunked)
  File "/usr/local/lib/python3.5/dist-packages/urllib3/connectionpool.py", line 383, in _make_request
    httplib_response = conn.getresponse()
  File "/usr/lib/python3.5/http/client.py", line 1197, in getresponse
    response.begin()
  File "/usr/lib/python3.5/http/client.py", line 297, in begin
    version, status, reason = self._read_status()
  File "/usr/lib/python3.5/http/client.py", line 258, in _read_status
    line = str(self.fp.readline(_MAXLINE + 1), "iso-8859-1")
  File "/usr/lib/python3.5/socket.py", line 575, in readinto
    return self._sock.recv_into(b)
  File "/usr/lib/python3.5/ssl.py", line 929, in recv_into
    return self.read(nbytes, buffer)
  File "/usr/lib/python3.5/ssl.py", line 791, in read
    return self._sslobj.read(len, buffer)
  File "/usr/lib/python3.5/ssl.py", line 575, in read
    v = self._sslobj.read(len, buffer)
KeyboardInterrupt
/usr/local/lib/python3.5/dist-packages/gpapi/googleplay.py:264: RuntimeWarning: Unexpected end-group tag: Not all data was converted
  message = googleplay_pb2.ResponseWrapper.FromString(response.content)
Traceback (most recent call last):
  File "/usr/local/bin/gplaycli", line 11, in <module>
    sys.exit(main())
  File "/usr/local/lib/python3.5/dist-packages/gplaycli/gplaycli.py", line 541, in main
    cli.download_packages(args.packages_to_download)
  File "/usr/local/lib/python3.5/dist-packages/gplaycli/gplaycli.py", line 412, in download_packages
    self.after_download)
  File "/usr/local/lib/python3.5/dist-packages/gplaycli/gplaycli.py", line 299, in download_selection
    vc = detail['versionCode']
TypeError: 'NoneType' object is not subscriptable
Error while downloading com.fishgbr : '구입하려는 항목을 찾을 수 없습니다.'
Traceback (most recent call last):
  File "/usr/local/bin/gplaycli", line 11, in <module>
    sys.exit(main())
  File "/usr/local/lib/python3.5/dist-packages/gplaycli/gplaycli.py", line 541, in main
    cli.download_packages(args.packages_to_download)
  File "/usr/local/lib/python3.5/dist-packages/gplaycli/gplaycli.py", line 412, in download_packages
    self.after_download)
  File "/usr/local/lib/python3.5/dist-packages/gplaycli/gplaycli.py", line 299, in download_selection
    vc = detail['versionCode']
TypeError: 'NoneType' object is not subscriptable
Traceback (most recent call last):
  File "/usr/local/bin/gplaycli", line 11, in <module>
    sys.exit(main())
  File "/usr/local/lib/python3.5/dist-packages/gplaycli/gplaycli.py", line 541, in main
    cli.download_packages(args.packages_to_download)
  File "/usr/local/lib/python3.5/dist-packages/gplaycli/gplaycli.py", line 412, in download_packages
    self.after_download)
  File "/usr/local/lib/python3.5/dist-packages/gplaycli/gplaycli.py", line 299, in download_selection
    vc = detail['versionCode']
TypeError: 'NoneType' object is not subscriptable
Exception ignored in: <_io.TextIOWrapper name='<stdout>' mode='w' encoding='UTF-8'>
BrokenPipeError: [Errno 32] Broken pipe
Error while downloading com.elevenbitstudios.AnomalyWarzoneEarthHD : '설치할 수 없습니다. 나중에 다시 시도하세요.'
Error while downloading com.uplayonline.traincrisis : '설치할 수 없습니다. 나중에 다시 시도하세요.'
Error while downloading com.digibites.calendarplus : '설치할 수 없습니다. 나중에 다시 시도하세요.'
/usr/local/lib/python3.5/dist-packages/gpapi/googleplay.py:264: RuntimeWarning: Unexpected end-group tag: Not all data was converted
  message = googleplay_pb2.ResponseWrapper.FromString(response.content)
Traceback (most recent call last):
  File "/usr/local/bin/gplaycli", line 11, in <module>
    sys.exit(main())
  File "/usr/local/lib/python3.5/dist-packages/gplaycli/gplaycli.py", line 541, in main
    cli.download_packages(args.packages_to_download)
  File "/usr/local/lib/python3.5/dist-packages/gplaycli/gplaycli.py", line 412, in download_packages
    self.after_download)
  File "/usr/local/lib/python3.5/dist-packages/gplaycli/gplaycli.py", line 299, in download_selection
    vc = detail['versionCode']
TypeError: 'NoneType' object is not subscriptable
Traceback (most recent call last):
  File "/usr/local/bin/gplaycli", line 11, in <module>
    sys.exit(main())
  File "/usr/local/lib/python3.5/dist-packages/gplaycli/gplaycli.py", line 541, in main
    cli.download_packages(args.packages_to_download)
  File "/usr/local/lib/python3.5/dist-packages/gplaycli/gplaycli.py", line 412, in download_packages
    self.after_download)
  File "/usr/local/lib/python3.5/dist-packages/gplaycli/gplaycli.py", line 299, in download_selection
    vc = detail['versionCode']
TypeError: 'NoneType' object is not subscriptable
Traceback (most recent call last):
  File "/usr/local/bin/gplaycli", line 11, in <module>
    sys.exit(main())
  File "/usr/local/lib/python3.5/dist-packages/gplaycli/gplaycli.py", line 541, in main
    cli.download_packages(args.packages_to_download)
  File "/usr/local/lib/python3.5/dist-packages/gplaycli/gplaycli.py", line 412, in download_packages
    self.after_download)
  File "/usr/local/lib/python3.5/dist-packages/gplaycli/gplaycli.py", line 299, in download_selection
    vc = detail['versionCode']
TypeError: 'NoneType' object is not subscriptable
Error while downloading dk.mymovies.mymoviesforandroidpro : '구입하려는 항목을 찾을 수 없습니다.'
Error while downloading com.angrymobgames.muffinknight : '설치할 수 없습니다. 나중에 다시 시도하세요.'
Error while downloading com.thegamebakers.combocrew : '설치할 수 없습니다. 나중에 다시 시도하세요.'
Error while downloading mobi.infolife.taskmanagerpro : '설치할 수 없습니다. 나중에 다시 시도하세요.'
Error while downloading com.androvidpro : '설치할 수 없습니다. 나중에 다시 시도하세요.'
Error while downloading off.guide.lite.lin : '구입하려는 항목을 찾을 수 없습니다.'
Error while downloading com.dotemu.neogeo.mslug : '설치할 수 없습니다. 나중에 다시 시도하세요.'
Traceback (most recent call last):
  File "/usr/local/bin/gplaycli", line 11, in <module>
    sys.exit(main())
  File "/usr/local/lib/python3.5/dist-packages/gplaycli/gplaycli.py", line 541, in main
    cli.download_packages(args.packages_to_download)
  File "/usr/local/lib/python3.5/dist-packages/gplaycli/gplaycli.py", line 412, in download_packages
    self.after_download)
  File "/usr/local/lib/python3.5/dist-packages/gplaycli/gplaycli.py", line 299, in download_selection
    vc = detail['versionCode']
TypeError: 'NoneType' object is not subscriptable
Error while downloading com.snkplaymore.android009 : '구입하려는 항목을 찾을 수 없습니다.'
Traceback (most recent call last):
  File "/usr/local/bin/gplaycli", line 11, in <module>
    sys.exit(main())
  File "/usr/local/lib/python3.5/dist-packages/gplaycli/gplaycli.py", line 541, in main
    cli.download_packages(args.packages_to_download)
  File "/usr/local/lib/python3.5/dist-packages/gplaycli/gplaycli.py", line 412, in download_packages
    self.after_download)
  File "/usr/local/lib/python3.5/dist-packages/gplaycli/gplaycli.py", line 299, in download_selection
    vc = detail['versionCode']
TypeError: 'NoneType' object is not subscriptable
Error while downloading com.flightradar24pro : '구입하려는 항목을 찾을 수 없습니다.'
Error while downloading com.marvel.avengersalliance_goo : '구입하려는 항목을 찾을 수 없습니다.'
/usr/local/lib/python3.5/dist-packages/gpapi/googleplay.py:264: RuntimeWarning: Unexpected end-group tag: Not all data was converted
  message = googleplay_pb2.ResponseWrapper.FromString(response.content)
Traceback (most recent call last):
  File "/usr/local/bin/gplaycli", line 11, in <module>
    sys.exit(main())
  File "/usr/local/lib/python3.5/dist-packages/gplaycli/gplaycli.py", line 541, in main
    cli.download_packages(args.packages_to_download)
  File "/usr/local/lib/python3.5/dist-packages/gplaycli/gplaycli.py", line 412, in download_packages
    self.after_download)
  File "/usr/local/lib/python3.5/dist-packages/gplaycli/gplaycli.py", line 299, in download_selection
    vc = detail['versionCode']
TypeError: 'NoneType' object is not subscriptable
gplaycli -c /home/android/android/apk_crawler/gplaycli/gplaycli.conf -f ../../apk_sample/fuck_normal_app -d "com.elevenbitstudios.AnomalyWarzoneEarthHD" --progress
gplaycli -c /home/android/android/apk_crawler/gplaycli/gplaycli.conf -f ../../apk_sample/fuck_normal_app -d "com.uplayonline.traincrisis" --progress
gplaycli -c /home/android/android/apk_crawler/gplaycli/gplaycli.conf -f ../../apk_sample/fuck_normal_app -d "com.imagemakers.wildspaces" --progress
gplaycli -c /home/android/android/apk_crawler/gplaycli/gplaycli.conf -f ../../apk_sample/fuck_normal_app -d "com.digibites.calendarplus" --progress
gplaycli -c /home/android/android/apk_crawler/gplaycli/gplaycli.conf -f ../../apk_sample/fuck_normal_app -d "com.rovio.gold" --progress
gplaycli -c /home/android/android/apk_crawler/gplaycli/gplaycli.conf -f ../../apk_sample/fuck_normal_app -d "com.barcodebenefits.mar" --progress
gplaycli -c /home/android/android/apk_crawler/gplaycli/gplaycli.conf -f ../../apk_sample/fuck_normal_app -d "com.dotemu.neogeo.mslug3" --progress
gplaycli -c /home/android/android/apk_crawler/gplaycli/gplaycli.conf -f ../../apk_sample/fuck_normal_app -d "com.quoord.tapatalkpro.activity" --progress
gplaycli -c /home/android/android/apk_crawler/gplaycli/gplaycli.conf -f ../../apk_sample/fuck_normal_app -d "com.sega.ssasr" --progress
gplaycli -c /home/android/android/apk_crawler/gplaycli/gplaycli.conf -f ../../apk_sample/fuck_normal_app -d "com.outfit7.talkingpierrefree" --progress
gplaycli -c /home/android/android/apk_crawler/gplaycli/gplaycli.conf -f ../../apk_sample/fuck_normal_app -d "dk.mymovies.mymoviesforandroidpro" --progress
gplaycli -c /home/android/android/apk_crawler/gplaycli/gplaycli.conf -f ../../apk_sample/fuck_normal_app -d "com.angrymobgames.muffinknight" --progress
gplaycli -c /home/android/android/apk_crawler/gplaycli/gplaycli.conf -f ../../apk_sample/fuck_normal_app -d "se.appfamily.dinoadventure" --progress
gplaycli -c /home/android/android/apk_crawler/gplaycli/gplaycli.conf -f ../../apk_sample/fuck_normal_app -d "com.thegamebakers.combocrew" --progress
gplaycli -c /home/android/android/apk_crawler/gplaycli/gplaycli.conf -f ../../apk_sample/fuck_normal_app -d "mobi.infolife.taskmanagerpro" --progress
gplaycli -c /home/android/android/apk_crawler/gplaycli/gplaycli.conf -f ../../apk_sample/fuck_normal_app -d "com.androvidpro" --progress
gplaycli -c /home/android/android/apk_crawler/gplaycli/gplaycli.conf -f ../../apk_sample/fuck_normal_app -d "off.guide.lite.lin" --progress
gplaycli -c /home/android/android/apk_crawler/gplaycli/gplaycli.conf -f ../../apk_sample/fuck_normal_app -d "hu.musicfm" --progress
gplaycli -c /home/android/android/apk_crawler/gplaycli/gplaycli.conf -f ../../apk_sample/fuck_normal_app -d "com.dotemu.neogeo.mslug" --progress
gplaycli -c /home/android/android/apk_crawler/gplaycli/gplaycli.conf -f ../../apk_sample/fuck_normal_app -d "com.potenciaweb.apps.applu33" --progress
gplaycli -c /home/android/android/apk_crawler/gplaycli/gplaycli.conf -f ../../apk_sample/fuck_normal_app -d "com.bulkypix.asterix" --progress
gplaycli -c /home/android/android/apk_crawler/gplaycli/gplaycli.conf -f ../../apk_sample/fuck_normal_app -d "com.snkplaymore.android009" --progress
gplaycli -c /home/android/android/apk_crawler/gplaycli/gplaycli.conf -f ../../apk_sample/fuck_normal_app -d "com.fightcraft.free.mod" --progress
gplaycli -c /home/android/android/apk_crawler/gplaycli/gplaycli.conf -f ../../apk_sample/fuck_normal_app -d "com.flightradar24pro" --progress
gplaycli -c /home/android/android/apk_crawler/gplaycli/gplaycli.conf -f ../../apk_sample/fuck_normal_app -d "com.marvel.avengersalliance_goo" --progress
gplaycli -c /home/android/android/apk_crawler/gplaycli/gplaycli.conf -f ../../apk_sample/fuck_normal_app -d "com.herocraft.game.ww2" --progress
gplaycli -c /home/android/android/apk_crawler/gplaycli/gplaycli.conf -f ../../apk_sample/fuck_normal_app -d "com.starfinanz.smob.android.sfinanzstatus" --progress
gplaycli -c /home/android/android/apk_crawler/gplaycli/gplaycli.conf -f ../../apk_sample/fuck_normal_app -d "com.omgpop.dstpaTraceback (most recent call last):
  File "/usr/local/bin/gplaycli", line 11, in <module>
    sys.exit(main())
  File "/usr/local/lib/python3.5/dist-packages/gplaycli/gplaycli.py", line 541, in main
    cli.download_packages(args.packages_to_download)
  File "/usr/local/lib/python3.5/dist-packages/gplaycli/gplaycli.py", line 412, in download_packages
    self.after_download)
  File "/usr/local/lib/python3.5/dist-packages/gplaycli/gplaycli.py", line 299, in download_selection
    vc = detail['versionCode']
TypeError: 'NoneType' object is not subscriptable
